<?xml version="1.0" encoding="UTF-8"?>
<!-- Generated by org.testng.reporters.JUnitReportReporter -->
<testsuite hostname="Hasan" failures="0" tests="1" name="ecommerce.mystore.pageobjects.IndexPage" time="8.410" errors="0" timestamp="2022-06-28T10:06:03 BDT" skipped="0">
  <testcase classname="ecommerce.mystore.pageobjects.IndexPage" name="launchApp" time="8.410"/>
  <system-out/>
</testsuite> <!-- ecommerce.mystore.pageobjects.IndexPage -->
