<?xml version="1.0" encoding="UTF-8"?>
<!-- Generated by org.testng.reporters.JUnitReportReporter -->
<testsuite hostname="Hasan" failures="0" tests="1" name="ecommerce.mystore.testcases.AccountCreationPageTest" time="19.899" errors="0" timestamp="2022-07-03T13:42:21 BDT" skipped="0">
  <testcase classname="ecommerce.mystore.testcases.AccountCreationPageTest" name="verifyCreateAccountPageTest" time="19.899"/>
  <system-out/>
</testsuite> <!-- ecommerce.mystore.testcases.AccountCreationPageTest -->
