<?xml version="1.0" encoding="UTF-8"?>
<!-- Generated by org.testng.reporters.JUnitReportReporter -->
<testsuite hostname="Hasan" failures="0" tests="2" name="ecommerce.mystore.testcases.HomePageTest" time="39.398" errors="0" timestamp="2022-07-03T13:26:21 BDT" skipped="0">
  <testcase classname="ecommerce.mystore.testcases.HomePageTest" name="verifyWIshListTest" time="18.833"/>
  <system-out/>
  <testcase classname="ecommerce.mystore.testcases.HomePageTest" name="OrderHistory" time="20.565"/>
  <system-out/>
</testsuite> <!-- ecommerce.mystore.testcases.HomePageTest -->
