<?xml version="1.0" encoding="UTF-8"?>
<!-- Generated by org.testng.reporters.JUnitReportReporter -->
<testsuite hostname="Hasan" failures="0" tests="1" name="ecommerce.mystore.testcases.LoginPageTest" time="20.400" errors="0" timestamp="2022-07-03T12:38:22 BDT" skipped="0">
  <testcase classname="ecommerce.mystore.testcases.LoginPageTest" name="LoginTest" time="20.400"/>
  <system-out/>
</testsuite> <!-- ecommerce.mystore.testcases.LoginPageTest -->
