<?xml version="1.0" encoding="UTF-8"?>
<!-- Generated by org.testng.reporters.JUnitReportReporter -->
<testsuite hostname="Hasan" failures="0" tests="1" name="ecommerce.mystore.base.BaseClass" time="7.688" errors="0" timestamp="2022-06-28T09:57:29 BDT" skipped="0">
  <testcase classname="ecommerce.mystore.base.BaseClass" name="launchApp" time="7.688"/>
  <system-out/>
</testsuite> <!-- ecommerce.mystore.base.BaseClass -->
